========Array
(
    [ECS] => Array
        (
            [history] => 292,227,117,122
            [username] => zzl_221
        )

    [ecshop_affiliate_uid] => 58
    [username] => admin
    [userpwd] => admin123
    [ispwd] => 1
    [ECSCP_ID] => 6ec9974dc852d022211154d612c49f34ce91dafd
    [ECS_ID] => fb4ff01e12c4efdb39c24223f1409fc45c4441a0
)
=======
========Array
(
    [ECS] => Array
        (
            [history] => 292,227,117,122
            [username] => zzl_221
        )

    [ecshop_affiliate_uid] => 58
    [username] => admin
    [userpwd] => admin123
    [ispwd] => 1
    [ECSCP_ID] => 6ec9974dc852d022211154d612c49f34ce91dafd
    [ECS_ID] => fb4ff01e12c4efdb39c24223f1409fc45c4441a0
)
=======
